14:00:00.373 [main] INFO  testCases.TC_002_LoginTest - *** Starting TC_002_LoginTest ***
14:00:01.784 [main] INFO  testCases.TC_002_LoginTest - Clicked on Login Link
14:00:01.868 [main] INFO  testCases.TC_002_LoginTest - Entered email
14:00:01.949 [main] INFO  testCases.TC_002_LoginTest - Entered Password
14:00:02.018 [main] INFO  testCases.TC_002_LoginTest - Clicked Login Button
14:02:27.665 [main] INFO  testCases.TC_002_LoginTest - *** Starting TC_002_LoginTest ***
14:02:28.327 [main] INFO  testCases.TC_002_LoginTest - Clicked on Login Link
14:02:30.415 [main] INFO  testCases.TC_002_LoginTest - Entered email
14:02:30.497 [main] INFO  testCases.TC_002_LoginTest - Entered Password
14:02:30.566 [main] INFO  testCases.TC_002_LoginTest - Clicked Login Button
14:03:47.829 [main] INFO  testCases.TC_002_LoginTest - *** Starting TC_002_LoginTest ***
14:03:49.159 [main] INFO  testCases.TC_002_LoginTest - Clicked on Login Link
14:03:51.270 [main] INFO  testCases.TC_002_LoginTest - Entered email
14:03:51.362 [main] INFO  testCases.TC_002_LoginTest - Entered Password
14:03:52.174 [main] INFO  testCases.TC_002_LoginTest - Clicked Login Button
14:03:52.229 [main] INFO  testCases.TC_002_LoginTest - *** Finished TC_002_LoginTest ***
14:56:11.484 [main] INFO  testCases.TC_003_LoginDDT - *** Starting TC_003_LoginDDT ***
14:56:15.111 [main] INFO  testCases.TC_003_LoginDDT - *** Finished TC_003_LoginDDT ***
14:56:15.132 [main] INFO  testCases.TC_003_LoginDDT - *** Starting TC_003_LoginDDT ***
14:56:26.280 [main] INFO  testCases.TC_003_LoginDDT - *** Finished TC_003_LoginDDT ***
14:56:26.284 [main] INFO  testCases.TC_003_LoginDDT - *** Starting TC_003_LoginDDT ***
14:56:38.006 [main] INFO  testCases.TC_003_LoginDDT - *** Finished TC_003_LoginDDT ***
14:56:38.010 [main] INFO  testCases.TC_003_LoginDDT - *** Starting TC_003_LoginDDT ***
14:56:49.502 [main] INFO  testCases.TC_003_LoginDDT - *** Finished TC_003_LoginDDT ***
14:56:49.505 [main] INFO  testCases.TC_003_LoginDDT - *** Starting TC_003_LoginDDT ***
14:57:00.681 [main] INFO  testCases.TC_003_LoginDDT - *** Finished TC_003_LoginDDT ***
20:33:18.907 [main] INFO  testCases.TC_001_AccountRegistrationTest - *** Starting TC_001_AccountRegistrationTest ***
20:33:20.322 [main] INFO  testCases.TC_001_AccountRegistrationTest - Clicked on Register Link
20:33:20.326 [main] INFO  testCases.TC_001_AccountRegistrationTest - Providing Customer Data
20:33:26.258 [main] INFO  testCases.TC_001_AccountRegistrationTest - Clicked on Register Button
20:33:26.295 [main] INFO  testCases.TC_001_AccountRegistrationTest - Validating expected message
20:33:26.298 [main] INFO  testCases.TC_001_AccountRegistrationTest - *** Finished TC_001_AccountRegistrationTest ***
20:33:29.207 [main] INFO  testCases.TC_002_LoginTest - *** Starting TC_002_LoginTest ***
20:33:30.450 [main] INFO  testCases.TC_002_LoginTest - Clicked on Login Link
20:33:30.539 [main] INFO  testCases.TC_002_LoginTest - Entered email
20:33:30.619 [main] INFO  testCases.TC_002_LoginTest - Entered Password
20:33:31.051 [main] INFO  testCases.TC_002_LoginTest - Clicked Login Button
20:34:18.184 [main] INFO  testCases.TC_001_AccountRegistrationTest - *** Starting TC_001_AccountRegistrationTest ***
20:34:19.584 [main] INFO  testCases.TC_001_AccountRegistrationTest - Clicked on Register Link
20:34:19.589 [main] INFO  testCases.TC_001_AccountRegistrationTest - Providing Customer Data
20:34:25.475 [main] INFO  testCases.TC_001_AccountRegistrationTest - Clicked on Register Button
20:34:25.514 [main] INFO  testCases.TC_001_AccountRegistrationTest - Validating expected message
20:34:25.517 [main] INFO  testCases.TC_001_AccountRegistrationTest - *** Finished TC_001_AccountRegistrationTest ***
20:34:28.245 [main] INFO  testCases.TC_002_LoginTest - *** Starting TC_002_LoginTest ***
20:34:28.792 [main] INFO  testCases.TC_002_LoginTest - Clicked on Login Link
20:34:28.885 [main] INFO  testCases.TC_002_LoginTest - Entered email
20:34:28.962 [main] INFO  testCases.TC_002_LoginTest - Entered Password
20:34:29.393 [main] INFO  testCases.TC_002_LoginTest - Clicked Login Button
13:01:17.084 [main] INFO  testCases.TC_003_LoginDDT - *** Starting TC_003_LoginDDT ***
13:01:29.979 [main] INFO  testCases.TC_003_LoginDDT - *** Starting TC_003_LoginDDT ***
13:01:41.527 [main] INFO  testCases.TC_003_LoginDDT - *** Finished TC_003_LoginDDT ***
13:01:41.530 [main] INFO  testCases.TC_003_LoginDDT - *** Starting TC_003_LoginDDT ***
13:01:53.011 [main] INFO  testCases.TC_003_LoginDDT - *** Finished TC_003_LoginDDT ***
13:01:53.014 [main] INFO  testCases.TC_003_LoginDDT - *** Starting TC_003_LoginDDT ***
13:02:04.506 [main] INFO  testCases.TC_003_LoginDDT - *** Finished TC_003_LoginDDT ***
13:02:04.509 [main] INFO  testCases.TC_003_LoginDDT - *** Starting TC_003_LoginDDT ***
13:02:15.882 [main] INFO  testCases.TC_003_LoginDDT - *** Finished TC_003_LoginDDT ***
13:06:02.800 [main] INFO  testCases.TC_001_AccountRegistrationTest - *** Starting TC_001_AccountRegistrationTest ***
13:06:03.515 [main] INFO  testCases.TC_001_AccountRegistrationTest - Clicked on Register Link
13:06:03.522 [main] INFO  testCases.TC_001_AccountRegistrationTest - Providing Customer Data
13:06:10.123 [main] INFO  testCases.TC_001_AccountRegistrationTest - Clicked on Register Button
13:06:10.173 [main] INFO  testCases.TC_001_AccountRegistrationTest - Validating expected message
13:06:10.177 [main] INFO  testCases.TC_001_AccountRegistrationTest - *** Finished TC_001_AccountRegistrationTest ***
13:06:13.014 [main] INFO  testCases.TC_002_LoginTest - *** Starting TC_002_LoginTest ***
13:06:13.750 [main] INFO  testCases.TC_002_LoginTest - Clicked on Login Link
13:06:13.892 [main] INFO  testCases.TC_002_LoginTest - Entered email
13:06:14.012 [main] INFO  testCases.TC_002_LoginTest - Entered Password
13:06:14.561 [main] INFO  testCases.TC_002_LoginTest - Clicked Login Button
13:07:46.693 [main] INFO  testCases.TC_001_AccountRegistrationTest - *** Starting TC_001_AccountRegistrationTest ***
13:07:47.440 [main] INFO  testCases.TC_001_AccountRegistrationTest - Clicked on Register Link
13:07:47.446 [main] INFO  testCases.TC_001_AccountRegistrationTest - Providing Customer Data
13:07:54.062 [main] INFO  testCases.TC_001_AccountRegistrationTest - Clicked on Register Button
13:07:54.107 [main] INFO  testCases.TC_001_AccountRegistrationTest - Validating expected message
13:07:54.111 [main] INFO  testCases.TC_001_AccountRegistrationTest - *** Finished TC_001_AccountRegistrationTest ***
13:07:57.966 [main] INFO  testCases.TC_002_LoginTest - *** Starting TC_002_LoginTest ***
13:07:59.457 [main] INFO  testCases.TC_002_LoginTest - Clicked on Login Link
13:07:59.595 [main] INFO  testCases.TC_002_LoginTest - Entered email
13:07:59.714 [main] INFO  testCases.TC_002_LoginTest - Entered Password
13:08:00.650 [main] INFO  testCases.TC_002_LoginTest - Clicked Login Button
13:08:00.723 [main] INFO  testCases.TC_002_LoginTest - *** Finished TC_002_LoginTest ***
13:22:53.695 [main] INFO  testCases.TC_001_AccountRegistrationTest - *** Starting TC_001_AccountRegistrationTest ***
13:22:54.568 [main] INFO  testCases.TC_001_AccountRegistrationTest - Clicked on Register Link
13:22:54.576 [main] INFO  testCases.TC_001_AccountRegistrationTest - Providing Customer Data
13:23:01.370 [main] INFO  testCases.TC_001_AccountRegistrationTest - Clicked on Register Button
13:23:01.425 [main] INFO  testCases.TC_001_AccountRegistrationTest - Validating expected message
13:23:01.430 [main] INFO  testCases.TC_001_AccountRegistrationTest - *** Finished TC_001_AccountRegistrationTest ***
13:23:05.472 [main] INFO  testCases.TC_002_LoginTest - *** Starting TC_002_LoginTest ***
13:23:06.171 [main] INFO  testCases.TC_002_LoginTest - Clicked on Login Link
13:23:06.315 [main] INFO  testCases.TC_002_LoginTest - Entered email
13:23:06.439 [main] INFO  testCases.TC_002_LoginTest - Entered Password
13:23:07.026 [main] INFO  testCases.TC_002_LoginTest - Clicked Login Button
13:25:48.371 [main] INFO  testCases.TC_001_AccountRegistrationTest - *** Starting TC_001_AccountRegistrationTest ***
13:25:49.930 [main] INFO  testCases.TC_001_AccountRegistrationTest - Clicked on Register Link
13:25:49.938 [main] INFO  testCases.TC_001_AccountRegistrationTest - Providing Customer Data
13:25:56.596 [main] INFO  testCases.TC_001_AccountRegistrationTest - Clicked on Register Button
13:25:56.651 [main] INFO  testCases.TC_001_AccountRegistrationTest - Validating expected message
13:25:56.656 [main] INFO  testCases.TC_001_AccountRegistrationTest - *** Finished TC_001_AccountRegistrationTest ***
13:25:59.851 [main] INFO  testCases.TC_002_LoginTest - *** Starting TC_002_LoginTest ***
13:26:00.571 [main] INFO  testCases.TC_002_LoginTest - Clicked on Login Link
13:26:00.750 [main] INFO  testCases.TC_002_LoginTest - Entered email
13:26:00.910 [main] INFO  testCases.TC_002_LoginTest - Entered Password
13:26:01.973 [main] INFO  testCases.TC_002_LoginTest - Clicked Login Button
13:26:02.049 [main] INFO  testCases.TC_002_LoginTest - *** Finished TC_002_LoginTest ***
13:29:39.847 [main] INFO  testCases.TC_001_AccountRegistrationTest - *** Starting TC_001_AccountRegistrationTest ***
13:29:41.308 [main] INFO  testCases.TC_001_AccountRegistrationTest - Clicked on Register Link
13:29:41.316 [main] INFO  testCases.TC_001_AccountRegistrationTest - Providing Customer Data
13:29:47.975 [main] INFO  testCases.TC_001_AccountRegistrationTest - Clicked on Register Button
13:29:48.032 [main] INFO  testCases.TC_001_AccountRegistrationTest - Validating expected message
13:29:48.037 [main] INFO  testCases.TC_001_AccountRegistrationTest - *** Finished TC_001_AccountRegistrationTest ***
13:29:51.923 [main] INFO  testCases.TC_002_LoginTest - *** Starting TC_002_LoginTest ***
13:29:53.365 [main] INFO  testCases.TC_002_LoginTest - Clicked on Login Link
13:29:53.517 [main] INFO  testCases.TC_002_LoginTest - Entered email
13:29:53.649 [main] INFO  testCases.TC_002_LoginTest - Entered Password
13:29:54.587 [main] INFO  testCases.TC_002_LoginTest - Clicked Login Button
13:29:54.664 [main] INFO  testCases.TC_002_LoginTest - *** Finished TC_002_LoginTest ***
